app/build/outputs/logs/manifest-merger-release-report.txt
-- Merging decision tree log ---
manifest
ADDED from src\main\AndroidManifest.xml:2:1-416:12
INJECTED from src\main\AndroidManifest.xml:2:1-416:12
INJECTED from src\main\AndroidManifest.xml:2:1-416:12
INJECTED from src\main\AndroidManifest.xml:2:1-416:12
INJECTED from src\main\AndroidManifest.xml:2:1-416:12
INJECTED from src\main\AndroidManifest.xml:2:1-416:12
INJECTED from src\main\AndroidManifest.xml:2:1-416:12
	package
		ADDED from src\main\AndroidManifest.xml:3:5-31
		INJECTED from src\main\AndroidManifest.xml
		INJECTED from src\main\AndroidManifest.xml
	android:versionName
		ADDED from src\main\AndroidManifest.xml:5:5-33
		INJECTED from src\main\AndroidManifest.xml
		INJECTED from src\main\AndroidManifest.xml
	xmlns:android
		ADDED from src\main\AndroidManifest.xml:2:11-69
	android:versionCode
		ADDED from src\main\AndroidManifest.xml:4:5-31
		INJECTED from src\main\AndroidManifest.xml
		INJECTED from src\main\AndroidManifest.xml
uses-permission#android.permission.RECEIVE_BOOT_COMPLETED
ADDED from src\main\AndroidManifest.xml:8:5-81
	android:name
		ADDED from src\main\AndroidManifest.xml:8:22-78
uses-permission#android.permission.READ_PHONE_STATE
ADDED from src\main\AndroidManifest.xml:9:5-75
	android:name
		ADDED from src\main\AndroidManifest.xml:9:22-72
uses-permission#android.permission.READ_LOGS
ADDED from src\main\AndroidManifest.xml:10:5-68
	android:name
		ADDED from src\main\AndroidManifest.xml:10:22-65
uses-permission#android.permission.INTERNET
ADDED from src\main\AndroidManifest.xml:11:5-67
	android:name
		ADDED from src\main\AndroidManifest.xml:11:22-64
uses-permission#android.permission.CAMERA
ADDED from src\main\AndroidManifest.xml:12:5-65
	android:name
		ADDED from src\main\AndroidManifest.xml:12:22-62
uses-permission#android.permission.ACCESS_NETWORK_STATE
ADDED from src\main\AndroidManifest.xml:13:5-79
	android:name
		ADDED from src\main\AndroidManifest.xml:13:22-76
uses-permission#android.permission.CHANGE_NETWORK_STATE
ADDED from src\main\AndroidManifest.xml:14:5-79
	android:name
		ADDED from src\main\AndroidManifest.xml:14:22-76
uses-permission#android.permission.ACCESS_WIFI_STATE
ADDED from src\main\AndroidManifest.xml:15:5-76
	android:name
		ADDED from src\main\AndroidManifest.xml:15:22-73
uses-permission#android.permission.CHANGE_WIFI_STATE
ADDED from src\main\AndroidManifest.xml:16:5-76
	android:name
		ADDED from src\main\AndroidManifest.xml:16:22-73
uses-permission#android.permission.VIBRATE
ADDED from src\main\AndroidManifest.xml:18:5-66
	android:name
		ADDED from src\main\AndroidManifest.xml:18:22-63
uses-permission#android.permission.WRITE_EXTERNAL_STORAGE
ADDED from src\main\AndroidManifest.xml:19:5-81
	android:name
		ADDED from src\main\AndroidManifest.xml:19:22-78
uses-permission#android.permission.READ_EXTERNAL_STORAGE
ADDED from src\main\AndroidManifest.xml:20:5-80
	android:name
		ADDED from src\main\AndroidManifest.xml:20:22-77
uses-permission#android.permission.MOUNT_UNMOUNT_FILESYSTEMS
ADDED from src\main\AndroidManifest.xml:22:5-84
	android:name
		ADDED from src\main\AndroidManifest.xml:22:22-81
uses-permission#android.permission.MODIFY_AUDIO_SETTINGS
ADDED from src\main\AndroidManifest.xml:23:5-80
	android:name
		ADDED from src\main\AndroidManifest.xml:23:22-77
uses-permission#android.permission.SYSTEM_ALERT_WINDOW
ADDED from src\main\AndroidManifest.xml:24:5-78
	android:name
		ADDED from src\main\AndroidManifest.xml:24:22-75
uses-permission#android.permission.SYSTEM_DAILOG_WINDOW
ADDED from src\main\AndroidManifest.xml:25:5-79
	android:name
		ADDED from src\main\AndroidManifest.xml:25:22-76
uses-permission#android.permission.GET_TASKS
ADDED from src\main\AndroidManifest.xml:26:5-68
	android:name
		ADDED from src\main\AndroidManifest.xml:26:22-65
uses-permission#android.permission.WRITE_SETTINGS
ADDED from src\main\AndroidManifest.xml:27:5-73
	android:name
		ADDED from src\main\AndroidManifest.xml:27:22-70
uses-permission#android.permission.RECORD_AUDIO
ADDED from src\main\AndroidManifest.xml:28:5-71
	android:name
		ADDED from src\main\AndroidManifest.xml:28:22-68
uses-permission#android.permission.RESTART_PACKAGES
ADDED from src\main\AndroidManifest.xml:30:5-75
	android:name
		ADDED from src\main\AndroidManifest.xml:30:22-72
uses-permission#android.permission.WAKE_LOCK
ADDED from src\main\AndroidManifest.xml:31:5-68
	android:name
		ADDED from src\main\AndroidManifest.xml:31:22-65
uses-feature#android.hardware.camera
ADDED from src\main\AndroidManifest.xml:33:5-60
	android:name
		ADDED from src\main\AndroidManifest.xml:33:19-57
uses-feature#android.hardware.camera.autofocus
ADDED from src\main\AndroidManifest.xml:34:5-70
	android:name
		ADDED from src\main\AndroidManifest.xml:34:19-67
application
ADDED from src\main\AndroidManifest.xml:36:5-414:19
	android:label
		ADDED from src\main\AndroidManifest.xml:40:9-41
	android:icon
		ADDED from src\main\AndroidManifest.xml:39:9-45
	android:allowBackup
		ADDED from src\main\AndroidManifest.xml:38:9-35
	android:theme
		ADDED from src\main\AndroidManifest.xml:41:9-73
	android:name
		ADDED from src\main\AndroidManifest.xml:37:9-54
receiver#com.yy.doorplate.BootCompleteReceiver
ADDED from src\main\AndroidManifest.xml:42:9-50:20
	android:enabled
		ADDED from src\main\AndroidManifest.xml:44:13-35
	android:exported
		ADDED from src\main\AndroidManifest.xml:45:13-36
	android:name
		ADDED from src\main\AndroidManifest.xml:43:13-49
intent-filter#action:name:android.intent.action.BOOT_COMPLETED
ADDED from src\main\AndroidManifest.xml:46:13-49:29
	android:priority
		ADDED from src\main\AndroidManifest.xml:46:28-51
action#android.intent.action.BOOT_COMPLETED
ADDED from src\main\AndroidManifest.xml:48:17-78
	android:name
		ADDED from src\main\AndroidManifest.xml:48:25-76
activity#com.yy.doorplate.activity.EmptyActivity
ADDED from src\main\AndroidManifest.xml:52:9-64:20
	android:screenOrientation
		ADDED from src\main\AndroidManifest.xml:56:13-50
	android:label
		ADDED from src\main\AndroidManifest.xml:55:13-45
	android:configChanges
		ADDED from src\main\AndroidManifest.xml:54:13-74
	android:name
		ADDED from src\main\AndroidManifest.xml:53:13-67
intent-filter#action:name:android.intent.action.MAIN+category:name:android.intent.category.DEFAULT+category:name:android.intent.category.HOME+category:name:android.intent.category.LAUNCHER
ADDED from src\main\AndroidManifest.xml:57:13-63:29
action#android.intent.action.MAIN
ADDED from src\main\AndroidManifest.xml:58:17-69
	android:name
		ADDED from src\main\AndroidManifest.xml:58:25-66
category#android.intent.category.LAUNCHER
ADDED from src\main\AndroidManifest.xml:60:17-77
	android:name
		ADDED from src\main\AndroidManifest.xml:60:27-74
category#android.intent.category.HOME
ADDED from src\main\AndroidManifest.xml:61:17-73
	android:name
		ADDED from src\main\AndroidManifest.xml:61:27-70
category#android.intent.category.DEFAULT
ADDED from src\main\AndroidManifest.xml:62:17-76
	android:name
		ADDED from src\main\AndroidManifest.xml:62:27-73
activity#com.cx.doorplate.activity.CXSchoolNewFullScreenActivity
ADDED from src\main\AndroidManifest.xml:65:9-69:20
	android:screenOrientation
		ADDED from src\main\AndroidManifest.xml:68:13-50
	android:configChanges
		ADDED from src\main\AndroidManifest.xml:67:13-74
	android:name
		ADDED from src\main\AndroidManifest.xml:66:13-83
activity#com.cx.doorplate.activity.CXNoticeDetailsBannerActivity
ADDED from src\main\AndroidManifest.xml:70:9-74:20
	android:screenOrientation
		ADDED from src\main\AndroidManifest.xml:73:13-50
	android:configChanges
		ADDED from src\main\AndroidManifest.xml:72:13-74
	android:name
		ADDED from src\main\AndroidManifest.xml:71:13-83
activity#com.cx.doorplate.activity.CXXKStudentActivity
ADDED from src\main\AndroidManifest.xml:75:9-79:20
	android:screenOrientation
		ADDED from src\main\AndroidManifest.xml:78:13-50
	android:configChanges
		ADDED from src\main\AndroidManifest.xml:77:13-74
	android:name
		ADDED from src\main\AndroidManifest.xml:76:13-73
activity#com.cx.doorplate.activity.CXFullAttendActivity
ADDED from src\main\AndroidManifest.xml:80:9-84:20
	android:screenOrientation
		ADDED from src\main\AndroidManifest.xml:83:13-50
	android:configChanges
		ADDED from src\main\AndroidManifest.xml:82:13-74
	android:name
		ADDED from src\main\AndroidManifest.xml:81:13-74
activity#com.yy.doorplate.activity.MainActivity
ADDED from src\main\AndroidManifest.xml:85:9-89:20
	android:screenOrientation
		ADDED from src\main\AndroidManifest.xml:88:13-50
	android:configChanges
		ADDED from src\main\AndroidManifest.xml:87:13-74
	android:name
		ADDED from src\main\AndroidManifest.xml:86:13-66
activity#com.cx.doorplate.activity.CXClassNewFullScreenActivity
ADDED from src\main\AndroidManifest.xml:90:9-94:20
	android:screenOrientation
		ADDED from src\main\AndroidManifest.xml:93:13-50
	android:configChanges
		ADDED from src\main\AndroidManifest.xml:92:13-74
	android:name
		ADDED from src\main\AndroidManifest.xml:91:13-82
activity#com.yy.doorplate.activity.PjMainActivity
ADDED from src\main\AndroidManifest.xml:95:9-99:20
	android:screenOrientation
		ADDED from src\main\AndroidManifest.xml:98:13-50
	android:configChanges
		ADDED from src\main\AndroidManifest.xml:97:13-74
	android:name
		ADDED from src\main\AndroidManifest.xml:96:13-68
activity#com.yy.doorplate.activity.ExamActivity
ADDED from src\main\AndroidManifest.xml:100:9-104:20
	android:screenOrientation
		ADDED from src\main\AndroidManifest.xml:103:13-50
	android:configChanges
		ADDED from src\main\AndroidManifest.xml:102:13-74
	android:name
		ADDED from src\main\AndroidManifest.xml:101:13-66
activity#com.yy.doorplate.activity.InitActivity
ADDED from src\main\AndroidManifest.xml:105:9-109:20
	android:screenOrientation
		ADDED from src\main\AndroidManifest.xml:108:13-50
	android:configChanges
		ADDED from src\main\AndroidManifest.xml:107:13-74
	android:name
		ADDED from src\main\AndroidManifest.xml:106:13-66
activity#com.yy.doorplate.activity.ClassInfoActivity
ADDED from src\main\AndroidManifest.xml:110:9-114:20
	android:screenOrientation
		ADDED from src\main\AndroidManifest.xml:113:13-50
	android:configChanges
		ADDED from src\main\AndroidManifest.xml:112:13-74
	android:name
		ADDED from src\main\AndroidManifest.xml:111:13-71
activity#com.yy.doorplate.activity.NoticeListActivity
ADDED from src\main\AndroidManifest.xml:115:9-119:20
	android:screenOrientation
		ADDED from src\main\AndroidManifest.xml:118:13-50
	android:configChanges
		ADDED from src\main\AndroidManifest.xml:117:13-74
	android:name
		ADDED from src\main\AndroidManifest.xml:116:13-72
activity#com.yy.doorplate.activity.NoticeDetailsActivity
ADDED from src\main\AndroidManifest.xml:120:9-124:20
	android:screenOrientation
		ADDED from src\main\AndroidManifest.xml:123:13-50
	android:configChanges
		ADDED from src\main\AndroidManifest.xml:122:13-74
	android:name
		ADDED from src\main\AndroidManifest.xml:121:13-75
activity#com.yy.doorplate.activity.AttendInfoActivity
ADDED from src\main\AndroidManifest.xml:125:9-129:20
	android:screenOrientation
		ADDED from src\main\AndroidManifest.xml:128:13-50
	android:configChanges
		ADDED from src\main\AndroidManifest.xml:127:13-74
	android:name
		ADDED from src\main\AndroidManifest.xml:126:13-72
activity#com.yy.doorplate.activity.CurriculumActivity
ADDED from src\main\AndroidManifest.xml:130:9-134:20
	android:screenOrientation
		ADDED from src\main\AndroidManifest.xml:133:13-50
	android:configChanges
		ADDED from src\main\AndroidManifest.xml:132:13-74
	android:name
		ADDED from src\main\AndroidManifest.xml:131:13-72
activity#com.yy.doorplate.activity.ControlActivity
ADDED from src\main\AndroidManifest.xml:135:9-139:20
	android:screenOrientation
		ADDED from src\main\AndroidManifest.xml:138:13-50
	android:configChanges
		ADDED from src\main\AndroidManifest.xml:137:13-74
	android:name
		ADDED from src\main\AndroidManifest.xml:136:13-69
activity#com.yy.doorplate.activity.VideoCallActivity
ADDED from src\main\AndroidManifest.xml:140:9-144:20
	android:screenOrientation
		ADDED from src\main\AndroidManifest.xml:143:13-50
	android:configChanges
		ADDED from src\main\AndroidManifest.xml:142:13-74
	android:name
		ADDED from src\main\AndroidManifest.xml:141:13-71
activity#com.yy.doorplate.activity.VideoCallOtherActivity
ADDED from src\main\AndroidManifest.xml:145:9-150:20
	android:screenOrientation
		ADDED from src\main\AndroidManifest.xml:148:13-50
	android:windowSoftInputMode
		ADDED from src\main\AndroidManifest.xml:149:13-54
	android:configChanges
		ADDED from src\main\AndroidManifest.xml:147:13-74
	android:name
		ADDED from src\main\AndroidManifest.xml:146:13-76
activity#com.yy.doorplate.activity.CallActivity
ADDED from src\main\AndroidManifest.xml:151:9-155:20
	android:screenOrientation
		ADDED from src\main\AndroidManifest.xml:154:13-50
	android:configChanges
		ADDED from src\main\AndroidManifest.xml:153:13-74
	android:name
		ADDED from src\main\AndroidManifest.xml:152:13-66
activity#com.yy.doorplate.activity.SettingActivity
ADDED from src\main\AndroidManifest.xml:156:9-160:20
	android:screenOrientation
		ADDED from src\main\AndroidManifest.xml:159:13-50
	android:configChanges
		ADDED from src\main\AndroidManifest.xml:158:13-74
	android:name
		ADDED from src\main\AndroidManifest.xml:157:13-69
activity#com.yy.doorplate.activity.NetSetActivity
ADDED from src\main\AndroidManifest.xml:161:9-166:20
	android:screenOrientation
		ADDED from src\main\AndroidManifest.xml:164:13-50
	android:windowSoftInputMode
		ADDED from src\main\AndroidManifest.xml:165:13-54
	android:configChanges
		ADDED from src\main\AndroidManifest.xml:163:13-74
	android:name
		ADDED from src\main\AndroidManifest.xml:162:13-68
activity#com.yy.doorplate.activity.SettingClassActivity
ADDED from src\main\AndroidManifest.xml:167:9-172:20
	android:screenOrientation
		ADDED from src\main\AndroidManifest.xml:170:13-50
	android:windowSoftInputMode
		ADDED from src\main\AndroidManifest.xml:171:13-54
	android:configChanges
		ADDED from src\main\AndroidManifest.xml:169:13-74
	android:name
		ADDED from src\main\AndroidManifest.xml:168:13-74
activity#com.yy.doorplate.activity.PlayActivity
ADDED from src\main\AndroidManifest.xml:173:9-178:20
	android:screenOrientation
		ADDED from src\main\AndroidManifest.xml:176:13-50
	android:windowSoftInputMode
		ADDED from src\main\AndroidManifest.xml:177:13-54
	android:configChanges
		ADDED from src\main\AndroidManifest.xml:175:13-74
	android:name
		ADDED from src\main\AndroidManifest.xml:174:13-66
activity#com.yy.doorplate.activity.TeacherActivity
ADDED from src\main\AndroidManifest.xml:179:9-184:20
	android:screenOrientation
		ADDED from src\main\AndroidManifest.xml:182:13-50
	android:windowSoftInputMode
		ADDED from src\main\AndroidManifest.xml:183:13-54
	android:configChanges
		ADDED from src\main\AndroidManifest.xml:181:13-74
	android:name
		ADDED from src\main\AndroidManifest.xml:180:13-69
activity#com.yy.doorplate.activity.AddSceneActivity
ADDED from src\main\AndroidManifest.xml:185:9-190:20
	android:screenOrientation
		ADDED from src\main\AndroidManifest.xml:188:13-50
	android:windowSoftInputMode
		ADDED from src\main\AndroidManifest.xml:189:13-54
	android:configChanges
		ADDED from src\main\AndroidManifest.xml:187:13-74
	android:name
		ADDED from src\main\AndroidManifest.xml:186:13-70
activity#com.yy.doorplate.activity.SceneInfoActivity
ADDED from src\main\AndroidManifest.xml:191:9-196:20
	android:screenOrientation
		ADDED from src\main\AndroidManifest.xml:194:13-50
	android:windowSoftInputMode
		ADDED from src\main\AndroidManifest.xml:195:13-54
	android:configChanges
		ADDED from src\main\AndroidManifest.xml:193:13-74
	android:name
		ADDED from src\main\AndroidManifest.xml:192:13-71
activity#com.yy.doorplate.activity.SchoolNewActitivty
ADDED from src\main\AndroidManifest.xml:197:9-202:20
	android:screenOrientation
		ADDED from src\main\AndroidManifest.xml:200:13-50
	android:windowSoftInputMode
		ADDED from src\main\AndroidManifest.xml:201:13-54
	android:configChanges
		ADDED from src\main\AndroidManifest.xml:199:13-74
	android:name
		ADDED from src\main\AndroidManifest.xml:198:13-72
activity#com.yy.doorplate.activity.ClassNewActivity
ADDED from src\main\AndroidManifest.xml:203:9-208:20
	android:screenOrientation
		ADDED from src\main\AndroidManifest.xml:206:13-50
	android:windowSoftInputMode
		ADDED from src\main\AndroidManifest.xml:207:13-54
	android:configChanges
		ADDED from src\main\AndroidManifest.xml:205:13-74
	android:name
		ADDED from src\main\AndroidManifest.xml:204:13-70
activity#com.yy.doorplate.activity.HonorActivity
ADDED from src\main\AndroidManifest.xml:209:9-214:20
	android:screenOrientation
		ADDED from src\main\AndroidManifest.xml:212:13-50
	android:windowSoftInputMode
		ADDED from src\main\AndroidManifest.xml:213:13-54
	android:configChanges
		ADDED from src\main\AndroidManifest.xml:211:13-74
	android:name
		ADDED from src\main\AndroidManifest.xml:210:13-67
activity#com.yy.doorplate.activity.QuestActivity
ADDED from src\main\AndroidManifest.xml:215:9-219:20
	android:screenOrientation
		ADDED from src\main\AndroidManifest.xml:218:13-50
	android:configChanges
		ADDED from src\main\AndroidManifest.xml:217:13-74
	android:name
		ADDED from src\main\AndroidManifest.xml:216:13-67
activity#com.yy.doorplate.activity.ZhiriActivity
ADDED from src\main\AndroidManifest.xml:220:9-225:20
	android:screenOrientation
		ADDED from src\main\AndroidManifest.xml:223:13-50
	android:windowSoftInputMode
		ADDED from src\main\AndroidManifest.xml:224:13-54
	android:configChanges
		ADDED from src\main\AndroidManifest.xml:222:13-74
	android:name
		ADDED from src\main\AndroidManifest.xml:221:13-67
activity#com.yy.doorplate.activity.SchoolDetailsActivity
ADDED from src\main\AndroidManifest.xml:226:9-231:20
	android:screenOrientation
		ADDED from src\main\AndroidManifest.xml:229:13-50
	android:windowSoftInputMode
		ADDED from src\main\AndroidManifest.xml:230:13-54
	android:configChanges
		ADDED from src\main\AndroidManifest.xml:228:13-74
	android:name
		ADDED from src\main\AndroidManifest.xml:227:13-75
activity#com.yy.doorplate.activity.PjNoticeListActivity
ADDED from src\main\AndroidManifest.xml:232:9-237:20
	android:screenOrientation
		ADDED from src\main\AndroidManifest.xml:235:13-50
	android:windowSoftInputMode
		ADDED from src\main\AndroidManifest.xml:236:13-54
	android:configChanges
		ADDED from src\main\AndroidManifest.xml:234:13-74
	android:name
		ADDED from src\main\AndroidManifest.xml:233:13-74
activity#com.yy.doorplate.activity.WebviewActivity
ADDED from src\main\AndroidManifest.xml:238:9-243:20
	android:screenOrientation
		ADDED from src\main\AndroidManifest.xml:241:13-50
	android:windowSoftInputMode
		ADDED from src\main\AndroidManifest.xml:242:13-54
	android:configChanges
		ADDED from src\main\AndroidManifest.xml:240:13-74
	android:name
		ADDED from src\main\AndroidManifest.xml:239:13-69
activity#com.advertisement.activity.DisplayActivity
ADDED from src\main\AndroidManifest.xml:244:9-249:20
	android:screenOrientation
		ADDED from src\main\AndroidManifest.xml:247:13-50
	android:windowSoftInputMode
		ADDED from src\main\AndroidManifest.xml:248:13-54
	android:configChanges
		ADDED from src\main\AndroidManifest.xml:246:13-74
	android:name
		ADDED from src\main\AndroidManifest.xml:245:13-70
activity#com.advertisement.activity.ActivityAppcodeo
ADDED from src\main\AndroidManifest.xml:250:9-255:20
	android:screenOrientation
		ADDED from src\main\AndroidManifest.xml:253:13-50
	android:windowSoftInputMode
		ADDED from src\main\AndroidManifest.xml:254:13-54
	android:configChanges
		ADDED from src\main\AndroidManifest.xml:252:13-74
	android:name
		ADDED from src\main\AndroidManifest.xml:251:13-71
activity#com.yy.doorplate.activity.SettingMoreActivity
ADDED from src\main\AndroidManifest.xml:256:9-261:20
	android:screenOrientation
		ADDED from src\main\AndroidManifest.xml:259:13-50
	android:windowSoftInputMode
		ADDED from src\main\AndroidManifest.xml:260:13-54
	android:configChanges
		ADDED from src\main\AndroidManifest.xml:258:13-74
	android:name
		ADDED from src\main\AndroidManifest.xml:257:13-73
activity#com.yy.doorplate.activity.VideoPlayActivity
ADDED from src\main\AndroidManifest.xml:262:9-267:20
	android:screenOrientation
		ADDED from src\main\AndroidManifest.xml:265:13-50
	android:windowSoftInputMode
		ADDED from src\main\AndroidManifest.xml:266:13-54
	android:configChanges
		ADDED from src\main\AndroidManifest.xml:264:13-74
	android:name
		ADDED from src\main\AndroidManifest.xml:263:13-71
activity#com.yy.doorplate.activity.VideoListActivity
ADDED from src\main\AndroidManifest.xml:268:9-273:20
	android:screenOrientation
		ADDED from src\main\AndroidManifest.xml:271:13-50
	android:windowSoftInputMode
		ADDED from src\main\AndroidManifest.xml:272:13-54
	android:configChanges
		ADDED from src\main\AndroidManifest.xml:270:13-74
	android:name
		ADDED from src\main\AndroidManifest.xml:269:13-71
activity#com.cx.doorplate.activity.CXMainActivity
ADDED from src\main\AndroidManifest.xml:274:9-280:20
	android:screenOrientation
		ADDED from src\main\AndroidManifest.xml:277:13-50
	android:windowSoftInputMode
		ADDED from src\main\AndroidManifest.xml:278:13-60
	android:configChanges
		ADDED from src\main\AndroidManifest.xml:276:13-74
	android:name
		ADDED from src\main\AndroidManifest.xml:275:13-68
activity#com.cx.doorplate.activity.CXClassNewActivity
ADDED from src\main\AndroidManifest.xml:281:9-287:20
	android:screenOrientation
		ADDED from src\main\AndroidManifest.xml:285:13-50
	android:launchMode
		ADDED from src\main\AndroidManifest.xml:284:13-44
	android:windowSoftInputMode
		ADDED from src\main\AndroidManifest.xml:286:13-54
	android:configChanges
		ADDED from src\main\AndroidManifest.xml:283:13-74
	android:name
		ADDED from src\main\AndroidManifest.xml:282:13-72
activity#com.cx.doorplate.activity.CXNoticeListActivity
ADDED from src\main\AndroidManifest.xml:288:9-293:20
	android:screenOrientation
		ADDED from src\main\AndroidManifest.xml:291:13-50
	android:windowSoftInputMode
		ADDED from src\main\AndroidManifest.xml:292:13-54
	android:configChanges
		ADDED from src\main\AndroidManifest.xml:290:13-74
	android:name
		ADDED from src\main\AndroidManifest.xml:289:13-74
activity#com.cx.doorplate.activity.CXNoticeDetailsActivity
ADDED from src\main\AndroidManifest.xml:294:9-299:20
	android:screenOrientation
		ADDED from src\main\AndroidManifest.xml:297:13-50
	android:windowSoftInputMode
		ADDED from src\main\AndroidManifest.xml:298:13-54
	android:configChanges
		ADDED from src\main\AndroidManifest.xml:296:13-74
	android:name
		ADDED from src\main\AndroidManifest.xml:295:13-77
activity#com.cx.doorplate.activity.CXStudentActivity
ADDED from src\main\AndroidManifest.xml:300:9-305:20
	android:screenOrientation
		ADDED from src\main\AndroidManifest.xml:303:13-50
	android:windowSoftInputMode
		ADDED from src\main\AndroidManifest.xml:304:13-54
	android:configChanges
		ADDED from src\main\AndroidManifest.xml:302:13-74
	android:name
		ADDED from src\main\AndroidManifest.xml:301:13-71
activity#com.cx.doorplate.activity.CXGrxxActivity
ADDED from src\main\AndroidManifest.xml:306:9-311:20
	android:screenOrientation
		ADDED from src\main\AndroidManifest.xml:309:13-50
	android:windowSoftInputMode
		ADDED from src\main\AndroidManifest.xml:310:13-54
	android:configChanges
		ADDED from src\main\AndroidManifest.xml:308:13-74
	android:name
		ADDED from src\main\AndroidManifest.xml:307:13-68
activity#com.cx.doorplate.activity.CXHonorActivity
ADDED from src\main\AndroidManifest.xml:312:9-317:20
	android:screenOrientation
		ADDED from src\main\AndroidManifest.xml:315:13-50
	android:windowSoftInputMode
		ADDED from src\main\AndroidManifest.xml:316:13-54
	android:configChanges
		ADDED from src\main\AndroidManifest.xml:314:13-74
	android:name
		ADDED from src\main\AndroidManifest.xml:313:13-69
activity#com.cx.doorplate.activity.CXPhotoActivity
ADDED from src\main\AndroidManifest.xml:318:9-323:20
	android:screenOrientation
		ADDED from src\main\AndroidManifest.xml:321:13-50
	android:windowSoftInputMode
		ADDED from src\main\AndroidManifest.xml:322:13-54
	android:configChanges
		ADDED from src\main\AndroidManifest.xml:320:13-74
	android:name
		ADDED from src\main\AndroidManifest.xml:319:13-69
activity#com.cx.doorplate.activity.CXQuestActivity
ADDED from src\main\AndroidManifest.xml:324:9-329:20
	android:screenOrientation
		ADDED from src\main\AndroidManifest.xml:327:13-50
	android:windowSoftInputMode
		ADDED from src\main\AndroidManifest.xml:328:13-54
	android:configChanges
		ADDED from src\main\AndroidManifest.xml:326:13-74
	android:name
		ADDED from src\main\AndroidManifest.xml:325:13-69
activity#com.cx.doorplate.activity.CXVoteActivity
ADDED from src\main\AndroidManifest.xml:330:9-335:20
	android:screenOrientation
		ADDED from src\main\AndroidManifest.xml:333:13-50
	android:windowSoftInputMode
		ADDED from src\main\AndroidManifest.xml:334:13-54
	android:configChanges
		ADDED from src\main\AndroidManifest.xml:332:13-74
	android:name
		ADDED from src\main\AndroidManifest.xml:331:13-68
activity#com.cx.doorplate.activity.CXSchoolNewActivity
ADDED from src\main\AndroidManifest.xml:336:9-342:20
	android:screenOrientation
		ADDED from src\main\AndroidManifest.xml:340:13-50
	android:launchMode
		ADDED from src\main\AndroidManifest.xml:339:13-44
	android:windowSoftInputMode
		ADDED from src\main\AndroidManifest.xml:341:13-54
	android:configChanges
		ADDED from src\main\AndroidManifest.xml:338:13-74
	android:name
		ADDED from src\main\AndroidManifest.xml:337:13-73
activity#com.cx.doorplate.activity.CXTeacherActivity
ADDED from src\main\AndroidManifest.xml:343:9-348:20
	android:screenOrientation
		ADDED from src\main\AndroidManifest.xml:346:13-50
	android:windowSoftInputMode
		ADDED from src\main\AndroidManifest.xml:347:13-54
	android:configChanges
		ADDED from src\main\AndroidManifest.xml:345:13-74
	android:name
		ADDED from src\main\AndroidManifest.xml:344:13-71
activity#com.cx.doorplate.activity.CXSingleTeacherActivity
ADDED from src\main\AndroidManifest.xml:350:9-355:20
	android:screenOrientation
		ADDED from src\main\AndroidManifest.xml:353:13-50
	android:windowSoftInputMode
		ADDED from src\main\AndroidManifest.xml:354:13-54
	android:configChanges
		ADDED from src\main\AndroidManifest.xml:352:13-74
	android:name
		ADDED from src\main\AndroidManifest.xml:351:13-77
activity#com.cx.doorplate.activity.CXAppActivity
ADDED from src\main\AndroidManifest.xml:356:9-362:20
	android:screenOrientation
		ADDED from src\main\AndroidManifest.xml:360:13-50
	android:launchMode
		ADDED from src\main\AndroidManifest.xml:359:13-44
	android:windowSoftInputMode
		ADDED from src\main\AndroidManifest.xml:361:13-54
	android:configChanges
		ADDED from src\main\AndroidManifest.xml:358:13-74
	android:name
		ADDED from src\main\AndroidManifest.xml:357:13-67
activity#com.cx.doorplate.activity.CXCurriculumActivity
ADDED from src\main\AndroidManifest.xml:363:9-368:20
	android:screenOrientation
		ADDED from src\main\AndroidManifest.xml:366:13-50
	android:windowSoftInputMode
		ADDED from src\main\AndroidManifest.xml:367:13-54
	android:configChanges
		ADDED from src\main\AndroidManifest.xml:365:13-74
	android:name
		ADDED from src\main\AndroidManifest.xml:364:13-74
activity#com.cx.doorplate.activity.CXAttendActivity
ADDED from src\main\AndroidManifest.xml:369:9-374:20
	android:screenOrientation
		ADDED from src\main\AndroidManifest.xml:372:13-50
	android:windowSoftInputMode
		ADDED from src\main\AndroidManifest.xml:373:13-54
	android:configChanges
		ADDED from src\main\AndroidManifest.xml:371:13-74
	android:name
		ADDED from src\main\AndroidManifest.xml:370:13-70
activity#com.cx.doorplate.activity.CXAttendBJActivity
ADDED from src\main\AndroidManifest.xml:375:9-380:20
	android:screenOrientation
		ADDED from src\main\AndroidManifest.xml:378:13-50
	android:windowSoftInputMode
		ADDED from src\main\AndroidManifest.xml:379:13-54
	android:configChanges
		ADDED from src\main\AndroidManifest.xml:377:13-74
	android:name
		ADDED from src\main\AndroidManifest.xml:376:13-72
activity#com.cx.doorplate.activity.CXControlActivity
ADDED from src\main\AndroidManifest.xml:381:9-386:20
	android:screenOrientation
		ADDED from src\main\AndroidManifest.xml:384:13-50
	android:windowSoftInputMode
		ADDED from src\main\AndroidManifest.xml:385:13-54
	android:configChanges
		ADDED from src\main\AndroidManifest.xml:383:13-74
	android:name
		ADDED from src\main\AndroidManifest.xml:382:13-71
activity#com.cx.doorplate.activity.CXJingBaoActivity
ADDED from src\main\AndroidManifest.xml:387:9-392:20
	android:screenOrientation
		ADDED from src\main\AndroidManifest.xml:390:13-50
	android:windowSoftInputMode
		ADDED from src\main\AndroidManifest.xml:391:13-54
	android:configChanges
		ADDED from src\main\AndroidManifest.xml:389:13-74
	android:name
		ADDED from src\main\AndroidManifest.xml:388:13-71
activity#com.cx.doorplate.activity.CXFaceRegister
ADDED from src\main\AndroidManifest.xml:393:9-398:20
	android:screenOrientation
		ADDED from src\main\AndroidManifest.xml:396:13-50
	android:windowSoftInputMode
		ADDED from src\main\AndroidManifest.xml:397:13-54
	android:configChanges
		ADDED from src\main\AndroidManifest.xml:395:13-74
	android:name
		ADDED from src\main\AndroidManifest.xml:394:13-68
service#com.yy.doorplate.communication.MonitorService
ADDED from src\main\AndroidManifest.xml:400:9-404:19
	android:name
		ADDED from src\main\AndroidManifest.xml:400:18-78
intent-filter#action:name:com.yy.doorplate.communication.MonitorService
ADDED from src\main\AndroidManifest.xml:401:13-403:29
action#com.yy.doorplate.communication.MonitorService
ADDED from src\main\AndroidManifest.xml:402:17-88
	android:name
		ADDED from src\main\AndroidManifest.xml:402:25-85
service#com.yy.doorplate.tool.LogService
ADDED from src\main\AndroidManifest.xml:405:9-406:19
	android:name
		ADDED from src\main\AndroidManifest.xml:405:18-65
activity#com.cx.doorplate.activity.CXWeatherActivity
ADDED from src\main\AndroidManifest.xml:408:9-413:20